#
# There is insufficient memory for the Java Runtime Environment to continue.
# Native memory allocation (mmap) failed to map 134217728 bytes for Failed to commit area from 0x0000000081e00000 to 0x0000000089e00000 of length 134217728.
# Possible reasons:
#   The system is out of physical RAM or swap space
#   The process is running with CompressedOops enabled, and the Java Heap may be blocking the growth of the native heap
# Possible solutions:
#   Reduce memory load on the system
#   Increase physical memory or swap space
#   Check if swap backing store is full
#   Decrease Java heap size (-Xmx/-Xms)
#   Decrease number of Java threads
#   Decrease Java thread stack sizes (-Xss)
#   Set larger code cache with -XX:ReservedCodeCacheSize=
# This output file may be truncated or incomplete.
#
#  Out of Memory Error (t:/workspace/open/src/hotspot/os/windows/os_windows.cpp:3301), pid=7528, tid=15912
#
# JRE version:  (13.0.1+9) (build )
# Java VM: Java HotSpot(TM) 64-Bit Server VM (13.0.1+9, mixed mode, aot, sharing, tiered, compressed oops, g1 gc, windows-amd64)
# No core dump will be written. Minidumps are not enabled by default on client versions of Windows
#

---------------  S U M M A R Y ------------

Command Line: -Dcom.sun.management.jmxremote -Dcom.sun.management.jmxremote.port=50346 -Dcom.sun.management.jmxremote.authenticate=false -Dcom.sun.management.jmxremote.ssl=false -Djava.rmi.server.hostname=localhost -Dspring.jmx.enabled=true -Dspring.application.admin.enabled=true -XX:TieredStopAtLevel=1 -Dspring.boot.project.name=sample -Dfile.encoding=UTF-8 com.sample.SampleApplication

Host: Intel(R) Core(TM) i3-7100U CPU @ 2.40GHz, 4 cores, 7G,  Windows 10 , 64 bit Build 19041 (10.0.19041.1023)
Time: Fri Jun 25 17:21:19 2021 India Standard Time elapsed time: 0 seconds (0d 0h 0m 0s)

---------------  T H R E A D  ---------------

Current thread (0x000002b9d5ac5000):  JavaThread "Unknown thread" [_thread_in_vm, id=15912, stack(0x000000ed58100000,0x000000ed58200000)]

Stack: [0x000000ed58100000,0x000000ed58200000]
Native frames: (J=compiled Java code, j=interpreted, Vv=VM code, C=native code)
V  [jvm.dll+0x626eca]
V  [jvm.dll+0x772c6a]
V  [jvm.dll+0x77441f]
V  [jvm.dll+0x774a23]
V  [jvm.dll+0x24da58]
V  [jvm.dll+0x62438a]
V  [jvm.dll+0x618f75]
V  [jvm.dll+0x30c61c]
V  [jvm.dll+0x30c452]
V  [jvm.dll+0x311bc6]
V  [jvm.dll+0x355ce6]
V  [jvm.dll+0x3554c0]
V  [jvm.dll+0x2e729a]
V  [jvm.dll+0x2e8532]
V  [jvm.dll+0x74fcd8]
V  [jvm.dll+0x363739]
V  [jvm.dll+0x732dc5]
V  [jvm.dll+0x3ce2ef]
V  [jvm.dll+0x3d0611]
C  [jli.dll+0x51ff]
C  [ucrtbase.dll+0x21bb2]
C  [KERNEL32.DLL+0x17034]
C  [ntdll.dll+0x52651]


---------------  P R O C E S S  ---------------

Threads class SMR info:
_java_thread_list=0x00007ffd149846b8, length=0, elements={
}

Java Threads: ( => current thread )

Other Threads:
  0x000002b9d5b09800 GCTaskThread "GC Thread#0" [stack: 0x000000ed58200000,0x000000ed58300000] [id=3912]
  0x000002b9d5b1c800 ConcurrentGCThread "G1 Main Marker" [stack: 0x000000ed58300000,0x000000ed58400000] [id=13276]
  0x000002b9d5b1e000 ConcurrentGCThread "G1 Conc#0" [stack: 0x000000ed58400000,0x000000ed58500000] [id=8956]

[error occurred during error reporting (printing all threads), id 0xc0000005, EXCEPTION_ACCESS_VIOLATION (0xc0000005) at pc=0x00007ffd141b6f67]

VM state:not at safepoint (not fully initialized)

VM Mutex/Monitor currently owned by a thread:  ([mutex/lock_event])
[0x000002b9d5ac1470] Heap_lock - owner thread: 0x000002b9d5ac5000

Heap address: 0x0000000081e00000, size: 2018 MB, Compressed Oops mode: Non-zero based: 0x0000000081e00000
Narrow klass base: 0x0000000000000000, Narrow klass shift: 0

GC Heap History (0 events):
No events

Deoptimization events (0 events):
No events

Classes unloaded (0 events):
No events

Classes redefined (0 events):
No events

Internal exceptions (0 events):
No events

Events (8 events):
Event: 0.011 Loaded shared library C:\Program Files\Java\jdk\bin\zip.dll
Event: 0.012 Loaded shared library C:\Program Files\Java\jdk\bin\jimage.dll
Event: 0.013 Loading shared library C:\Program Files\Java\jdk\lib\libjava.base-coop.dll failed, error code 126
Event: 0.013 Loading shared library C:\Program Files\Java\jdk\lib\libjava.logging-coop.dll failed, error code 126
Event: 0.013 Loading shared library C:\Program Files\Java\jdk\lib\libjdk.compiler-coop.dll failed, error code 126
Event: 0.013 Loading shared library C:\Program Files\Java\jdk\lib\libjdk.scripting.nashorn-coop.dll failed, error code 126
Event: 0.013 Loading shared library C:\Program Files\Java\jdk\lib\libjdk.internal.vm.ci-coop.dll failed, error code 126
Event: 0.013 Loading shared library C:\Program Files\Java\jdk\lib\libjdk.internal.vm.compiler-coop.dll failed, error code 126


Dynamic libraries:
0x00007ff71cff0000 - 0x00007ff71cfff000 	C:\Program Files\Java\jdk\bin\javaw.exe
0x00007ffd4b0b0000 - 0x00007ffd4b2a5000 	C:\WINDOWS\SYSTEM32\ntdll.dll
0x00007ffd4acf0000 - 0x00007ffd4adad000 	C:\WINDOWS\System32\KERNEL32.DLL
0x00007ffd48d40000 - 0x00007ffd49008000 	C:\WINDOWS\System32\KERNELBASE.dll
0x00007ffd48b50000 - 0x00007ffd48c50000 	C:\WINDOWS\System32\ucrtbase.dll
0x00007ffd21d20000 - 0x00007ffd21d35000 	C:\Program Files\Java\jdk\bin\VCRUNTIME140.dll
0x00007ffd21d40000 - 0x00007ffd21d58000 	C:\Program Files\Java\jdk\bin\jli.dll
0x00007ffd49af0000 - 0x00007ffd49b9c000 	C:\WINDOWS\System32\ADVAPI32.dll
0x00007ffd493e0000 - 0x00007ffd4947e000 	C:\WINDOWS\System32\msvcrt.dll
0x00007ffd49480000 - 0x00007ffd4951b000 	C:\WINDOWS\System32\sechost.dll
0x00007ffd492b0000 - 0x00007ffd493db000 	C:\WINDOWS\System32\RPCRT4.dll
0x00007ffd4a490000 - 0x00007ffd4a630000 	C:\WINDOWS\System32\USER32.dll
0x00007ffd408b0000 - 0x00007ffd40b4a000 	C:\WINDOWS\WinSxS\amd64_microsoft.windows.common-controls_6595b64144ccf1df_6.0.19041.1052_none_60b8f8fd71f5e8cb\COMCTL32.dll
0x00007ffd48900000 - 0x00007ffd48922000 	C:\WINDOWS\System32\win32u.dll
0x00007ffd4a450000 - 0x00007ffd4a47a000 	C:\WINDOWS\System32\GDI32.dll
0x00007ffd49010000 - 0x00007ffd4911b000 	C:\WINDOWS\System32\gdi32full.dll
0x00007ffd39b30000 - 0x00007ffd39b3a000 	C:\WINDOWS\SYSTEM32\VERSION.dll
0x00007ffd48c50000 - 0x00007ffd48ced000 	C:\WINDOWS\System32\msvcp_win.dll
0x00007ffd4b040000 - 0x00007ffd4b070000 	C:\WINDOWS\System32\IMM32.DLL
0x00007ffd213b0000 - 0x00007ffd2144b000 	C:\Program Files\Java\jdk\bin\msvcp140.dll
0x00007ffd13ec0000 - 0x00007ffd14a26000 	C:\Program Files\Java\jdk\bin\server\jvm.dll
0x00007ffd4a7a0000 - 0x00007ffd4a7a8000 	C:\WINDOWS\System32\PSAPI.DLL
0x00007ffd34690000 - 0x00007ffd34699000 	C:\WINDOWS\SYSTEM32\WSOCK32.dll
0x00007ffd38a50000 - 0x00007ffd38a77000 	C:\WINDOWS\SYSTEM32\WINMM.dll
0x00007ffd49c40000 - 0x00007ffd49cab000 	C:\WINDOWS\System32\WS2_32.dll
0x00007ffd470c0000 - 0x00007ffd470d2000 	C:\WINDOWS\SYSTEM32\kernel.appcore.dll
0x00007ffd45170000 - 0x00007ffd45180000 	C:\Program Files\Java\jdk\bin\verify.dll
0x00007ffd46dd0000 - 0x00007ffd46fb4000 	C:\WINDOWS\SYSTEM32\DBGHELP.DLL
0x00007ffd341d0000 - 0x00007ffd341fc000 	C:\WINDOWS\SYSTEM32\dbgcore.DLL
0x00007ffd48ac0000 - 0x00007ffd48b43000 	C:\WINDOWS\System32\bcryptPrimitives.dll
0x00007ffd27670000 - 0x00007ffd27696000 	C:\Program Files\Java\jdk\bin\java.dll
0x00007ffd2a270000 - 0x00007ffd2a287000 	C:\Program Files\Java\jdk\bin\zip.dll
0x00007ffd426d0000 - 0x00007ffd426da000 	C:\Program Files\Java\jdk\bin\jimage.dll

dbghelp: loaded successfully - version: 4.0.5 - missing functions: none
symbol engine: initialized successfully - sym options: 0x614 - pdb path: .;C:\Program Files\Java\jdk\bin;C:\WINDOWS\SYSTEM32;C:\WINDOWS\WinSxS\amd64_microsoft.windows.common-controls_6595b64144ccf1df_6.0.19041.1052_none_60b8f8fd71f5e8cb;C:\Program Files\Java\jdk\bin\server

VM Arguments:
jvm_args: -Dcom.sun.management.jmxremote -Dcom.sun.management.jmxremote.port=50346 -Dcom.sun.management.jmxremote.authenticate=false -Dcom.sun.management.jmxremote.ssl=false -Djava.rmi.server.hostname=localhost -Dspring.jmx.enabled=true -Dspring.application.admin.enabled=true -XX:TieredStopAtLevel=1 -Dspring.boot.project.name=sample -Dfile.encoding=UTF-8 
java_command: com.sample.SampleApplication
java_class_path (initial): C:\Users\HP\eclipse-workspace\sample\target\classes;C:\Users\HP\.m2\repository\org\springframework\boot\spring-boot-starter-data-jdbc\2.4.5\spring-boot-starter-data-jdbc-2.4.5.jar;C:\Users\HP\.m2\repository\org\springframework\boot\spring-boot-starter-jdbc\2.4.5\spring-boot-starter-jdbc-2.4.5.jar;C:\Users\HP\.m2\repository\com\zaxxer\HikariCP\3.4.5\HikariCP-3.4.5.jar;C:\Users\HP\.m2\repository\org\springframework\spring-jdbc\5.3.6\spring-jdbc-5.3.6.jar;C:\Users\HP\.m2\repository\org\springframework\data\spring-data-jdbc\2.1.8\spring-data-jdbc-2.1.8.jar;C:\Users\HP\.m2\repository\org\springframework\data\spring-data-relational\2.1.8\spring-data-relational-2.1.8.jar;C:\Users\HP\.m2\repository\org\springframework\data\spring-data-commons\2.4.8\spring-data-commons-2.4.8.jar;C:\Users\HP\.m2\repository\org\springframework\spring-tx\5.3.6\spring-tx-5.3.6.jar;C:\Users\HP\.m2\repository\org\springframework\spring-context\5.3.6\spring-context-5.3.6.jar;C:\Users\HP\.m2\repository\org\springframework\spring-beans\5.3.6\spring-beans-5.3.6.jar;C:\Users\HP\.m2\repository\org\slf4j\slf4j-api\1.7.30\slf4j-api-1.7.30.jar;C:\Users\HP\.m2\repository\org\springframework\boot\spring-boot-starter-data-jpa\2.4.5\spring-boot-starter-data-jpa-2.4.5.jar;C:\Users\HP\.m2\repository\org\springframework\boot\spring-boot-starter-aop\2.4.5\spring-boot-starter-aop-2.4.5.jar;C:\Users\HP\.m2\repository\org\springframework\spring-aop\5.3.6\spring-aop-5.3.6.jar;C:\Users\HP\.m2\repository\org\aspectj\aspectjweaver\1.9.6\aspectjweaver-1.9.6.jar;C:\Users\HP\.m2\repository\jakarta\transaction\jakarta.transaction-api\1.3.3\jakarta.transaction-api-1.3.3.jar;C:\Users\HP\.m2\repository\jakarta\persistence\jakarta.persistence-api\2.2.3\jakarta.persistence-api-2.2.3.jar;C:\Users\HP\.m2\repository\org\hibernate\hibernate-core\5.4.30.Final\hibernate-core-5.4.30.Final.jar;C:\Users\HP\.m2\repository\org\jboss\logging\jboss-logging\3.4.1.Final\jboss-logging-3.4.1.Final.jar;C:\Users\HP\.m2\
Launcher Type: SUN_STANDARD

[Global flags]
     intx CICompilerCount                          = 3                                         {product} {ergonomic}
     uint ConcGCThreads                            = 1                                         {product} {ergonomic}
     uint G1ConcRefinementThreads                  = 4                                         {product} {ergonomic}
   size_t G1HeapRegionSize                         = 1048576                                   {product} {ergonomic}
    uintx GCDrainStackTargetSize                   = 64                                        {product} {ergonomic}
   size_t InitialHeapSize                          = 134217728                                 {product} {ergonomic}
     bool ManagementServer                         = true                                      {product} {command line}
   size_t MarkStackSize                            = 4194304                                   {product} {ergonomic}
   size_t MaxHeapSize                              = 2116026368                                {product} {ergonomic}
   size_t MinHeapDeltaBytes                        = 1048576                                   {product} {ergonomic}
   size_t MinHeapSize                              = 8388608                                   {product} {ergonomic}
    uintx NonNMethodCodeHeapSize                   = 6973028                                {pd product} {ergonomic}
    uintx NonProfiledCodeHeapSize                  = 244685212                              {pd product} {ergonomic}
    uintx ProfiledCodeHeapSize                     = 0                                      {pd product} {ergonomic}
    uintx ReservedCodeCacheSize                    = 251658240                              {pd product} {ergonomic}
     bool SegmentedCodeCache                       = true                                      {product} {ergonomic}
   size_t SoftMaxHeapSize                          = 2116026368                             {manageable} {ergonomic}
     intx TieredStopAtLevel                        = 1                                         {product} {command line}
     bool UseCompressedClassPointers               = true                                 {lp64_product} {ergonomic}
     bool UseCompressedOops                        = true                                 {lp64_product} {ergonomic}
     bool UseG1GC                                  = true                                      {product} {ergonomic}
     bool UseLargePagesIndividualAllocation        = false                                  {pd product} {ergonomic}

Logging:
Log output configuration:
 #0: stdout all=warning uptime,level,tags
 #1: stderr all=off uptime,level,tags

Environment Variables:
JAVA_HOME=C:\Program Files\Java\jdk
PATH=C:/Program Files/Java/jdk/bin/server;C:/Program Files/Java/jdk/bin;C:\Python39\Scripts\;C:\Python39\;C:\WINDOWS\system32;C:\WINDOWS;C:\WINDOWS\System32\Wbem;C:\WINDOWS\System32\WindowsPowerShell\v1.0\;C:\WINDOWS\System32\OpenSSH\;C:\Program Files\Java\jdk\bin;C:\src\flutter\bin;C:\Program Files\Git\cmd;C:\Program Files\nodejs\;C:\ProgramData\chocolatey\bin;C:\Program Files\MySQL\MySQL Shell 8.0\bin\;C:\Users\HP\AppData\Local\Microsoft\WindowsApps;C:\xampp\php;C:\Users\HP\composer;C:\Users\HP\AppData\Roaming\Composer\vendor\bin;C:\Users\HP\AppData\Local\Programs\Microsoft VS Code\bin;C:\Users\HP\AppData\Roaming\npm;;C:\WINDOWS\System32;
USERNAME=HP
OS=Windows_NT
PROCESSOR_IDENTIFIER=Intel64 Family 6 Model 142 Stepping 9, GenuineIntel



---------------  S Y S T E M  ---------------

OS: Windows 10 , 64 bit Build 19041 (10.0.19041.1023)

CPU:total 4 (initial active 4) (2 cores per cpu, 2 threads per core) family 6 model 142 stepping 9, cmov, cx8, fxsr, mmx, sse, sse2, sse3, ssse3, sse4.1, sse4.2, popcnt, avx, avx2, aes, clmul, erms, 3dnowpref, lzcnt, ht, tsc, tscinvbit, bmi1, bmi2, adx, fma

Memory: 4k page, system-wide physical 8064M (918M free)
TotalPageFile size 25967M (AvailPageFile size 36M)
current process WorkingSet (physical memory assigned to process): 10M, peak: 10M
current process commit charge ("private bytes"): 49M, peak: 177M

vm_info: Java HotSpot(TM) 64-Bit Server VM (13.0.1+9) for windows-amd64 JRE (13.0.1+9), built on Oct  6 2019 12:37:49 by "mach5one" with unknown MS VC++:1916

END.
